Using pre-set license
Built from '2020.3/staging' branch; Version is '2020.3.19f1 (68f137dc9bbe) revision 6877495'; Using compiler version '192528614'; Build Type 'Release'
OS: 'Windows 10 Home Single Language; OS build 19043.1288; Version 2009; 64bit' Language: 'fr' Physical Memory: 16185 MB
BatchMode: 1, IsHumanControllingUs: 0, StartBugReporterOnCrash: 0, Is64bit: 1, IsPro: 0

COMMAND LINE ARGUMENTS:
C:\Program Files\Unity\Hub\Editor\2020.3.19f1\Editor\Unity.exe
-adb2
-batchMode
-noUpm
-name
AssetImportWorker0
-projectPath
C:/Users/HP/Mini Project
-logFile
Logs/AssetImportWorker0.log
-srvPort
57639
Successfully changed project path to: C:/Users/HP/Mini Project
C:/Users/HP/Mini Project
Using Asset Import Pipeline V2.
Refreshing native plugins compatible for Editor in 30.96 ms, found 2 plugins.
Preloading 0 native plugins for Editor in 0.00 ms.
Initialize engine version: 2020.3.19f1 (68f137dc9bbe)
[Subsystems] Discovering subsystems at path C:/Program Files/Unity/Hub/Editor/2020.3.19f1/Editor/Data/Resources/UnitySubsystems
[Subsystems] Discovering subsystems at path C:/Users/HP/Mini Project/Assets
GfxDevice: creating device client; threaded=0
Direct3D:
    Version:  Direct3D 11.0 [level 11.1]
    Renderer: NVIDIA GeForce GTX 1650 (ID=0x1f99)
    Vendor:   
    VRAM:     3962 MB
    Driver:   27.21.14.6280
Initialize mono
Mono path[0] = 'C:/Program Files/Unity/Hub/Editor/2020.3.19f1/Editor/Data/Managed'
Mono path[1] = 'C:/Program Files/Unity/Hub/Editor/2020.3.19f1/Editor/Data/MonoBleedingEdge/lib/mono/unityjit'
Mono config path = 'C:/Program Files/Unity/Hub/Editor/2020.3.19f1/Editor/Data/MonoBleedingEdge/etc'
Using monoOptions --debugger-agent=transport=dt_socket,embedding=1,server=y,suspend=n,address=127.0.0.1:56868
Begin MonoManager ReloadAssembly
Registering precompiled unity dll's ...
Register platform support module: C:/Program Files/Unity/Hub/Editor/2020.3.19f1/Editor/Data/PlaybackEngines/WebGLSupport/UnityEditor.WebGL.Extensions.dll
Register platform support module: C:/Program Files/Unity/Hub/Editor/2020.3.19f1/Editor/Data/PlaybackEngines/WindowsStandaloneSupport/UnityEditor.WindowsStandalone.Extensions.dll
Registered in 0.004779 seconds.
Native extension for WindowsStandalone target not found
Native extension for WebGL target not found
Refreshing native plugins compatible for Editor in 25.00 ms, found 2 plugins.
Preloading 0 native plugins for Editor in 0.00 ms.
Mono: successfully reloaded assembly
- Completed reload, in  2.985 seconds
Domain Reload Profiling:
	ReloadAssembly (2986ms)
		BeginReloadAssembly (54ms)
			ExecutionOrderSort (0ms)
			DisableScriptedObjects (0ms)
			BackupInstance (0ms)
			ReleaseScriptingObjects (0ms)
			CreateAndSetChildDomain (1ms)
		EndReloadAssembly (364ms)
			LoadAssemblies (52ms)
			RebuildTransferFunctionScriptingTraits (0ms)
			SetupTypeCache (129ms)
			ReleaseScriptCaches (0ms)
			RebuildScriptCaches (29ms)
			SetupLoadedEditorAssemblies (134ms)
				LogAssemblyErrors (0ms)
				InitializePlatformSupportModulesInManaged (5ms)
				SetLoadedEditorAssemblies (0ms)
				RefreshPlugins (25ms)
				BeforeProcessingInitializeOnLoad (8ms)
				ProcessInitializeOnLoadAttributes (72ms)
				ProcessInitializeOnLoadMethodAttributes (24ms)
				AfterProcessingInitializeOnLoad (0ms)
				EditorAssembliesLoaded (0ms)
			ExecutionOrderSort2 (0ms)
			AwakeInstancesAfterBackupRestoration (0ms)
Platform modules already initialized, skipping
Registering precompiled user dll's ...
Registered in 0.008781 seconds.
Begin MonoManager ReloadAssembly
Native extension for WindowsStandalone target not found
Native extension for WebGL target not found
Refreshing native plugins compatible for Editor in 0.30 ms, found 2 plugins.
Preloading 0 native plugins for Editor in 0.00 ms.
Mono: successfully reloaded assembly
- Completed reload, in  0.963 seconds
Domain Reload Profiling:
	ReloadAssembly (964ms)
		BeginReloadAssembly (127ms)
			ExecutionOrderSort (0ms)
			DisableScriptedObjects (4ms)
			BackupInstance (0ms)
			ReleaseScriptingObjects (0ms)
			CreateAndSetChildDomain (17ms)
		EndReloadAssembly (784ms)
			LoadAssemblies (93ms)
			RebuildTransferFunctionScriptingTraits (0ms)
			SetupTypeCache (251ms)
			ReleaseScriptCaches (0ms)
			RebuildScriptCaches (33ms)
			SetupLoadedEditorAssemblies (315ms)
				LogAssemblyErrors (0ms)
				InitializePlatformSupportModulesInManaged (5ms)
				SetLoadedEditorAssemblies (0ms)
				RefreshPlugins (0ms)
				BeforeProcessingInitializeOnLoad (52ms)
				ProcessInitializeOnLoadAttributes (244ms)
				ProcessInitializeOnLoadMethodAttributes (4ms)
				AfterProcessingInitializeOnLoad (8ms)
				EditorAssembliesLoaded (0ms)
			ExecutionOrderSort2 (0ms)
			AwakeInstancesAfterBackupRestoration (9ms)
Platform modules already initialized, skipping
========================================================================
Worker process is ready to serve import requests
Switching build target platform(13) subTarget(537395200) extendedPlatform(0) -> platform(13) subTarget(589824) extendedPlatform(0)
Launched and connected shader compiler UnityShaderCompiler.exe after 0.08 seconds
Refreshing native plugins compatible for Editor in 0.27 ms, found 2 plugins.
Preloading 0 native plugins for Editor in 0.00 ms.
Unloading 1398 Unused Serialized files (Serialized files now loaded: 0)
System memory in use before: 64.8 MB.
System memory in use after: 64.9 MB.

Unloading 16 unused Assets to reduce memory usage. Loaded Objects now: 1832.
Total: 2.475900 ms (FindLiveObjects: 0.148700 ms CreateObjectMapping: 0.042000 ms MarkObjects: 2.178800 ms  DeleteObjects: 0.105500 ms)

AssetImportParameters requested are different than current active one (requested -> active):
  buildTarget: platform 13, subtarget 589824, extendedPlatform 0 -> platform 13, subtarget 537395200, extendedPlatform 0
  graphicsApiMask: 2304 -> 2099200
  custom:framework-win-MediaFoundation: 216162199b28c13a410421893ffa2e32 -> 
  custom:video-decoder-ogg-theora: a1e56fd34408186e4bbccfd4996cb3dc -> 
  custom:container-muxer-webm: aa71ff27fc2769a1b78a27578f13a17b -> 
  custom:container-demuxer-webm: 4f35f7cbe854078d1ac9338744f61a02 -> 
  custom:container-demuxer-ogg: 62fdf1f143b41e24485cea50d1cbac27 -> 
  custom:video-encoder-webm-vp8: eb34c28f22e8b96e1ab97ce403110664 -> 
  custom:video-codec-MediaFoundation-h265: 746d11721c4dcdbdad8f713fa42b33f4 -> 
  custom:video-decoder-webm-vp8: 9c59270c3fd7afecdb556c50c9e8de78 -> 
  custom:audio-decoder-ogg-vorbis: bf7c407c2cedff20999df2af8eb42d56 -> 
  custom:audio-encoder-webm-vorbis: bf7c407c2cedff20999df2af8eb42d56 -> 
========================================================================
Received Import Request.
  path: Assets/Meshes
  artifactKey: Guid(5fbffb2b8bae20d439b5e4df80421624) Importer(815301076,1909f56bfc062723c751e8b465ee728b)
Start importing Assets/Meshes using Guid(5fbffb2b8bae20d439b5e4df80421624) Importer(815301076,1909f56bfc062723c751e8b465ee728b)  -> (artifact id: 'de9e95541dbc73a2c7548c8d3590737d') in 0.008151 seconds 
  Import took 0.010075 seconds .

========================================================================
Received Import Request.
  Time since last request: 20.881024 seconds.
  path: Assets/Textrures
  artifactKey: Guid(cba9ef31ff799ce41a9867cdfbe9004d) Importer(815301076,1909f56bfc062723c751e8b465ee728b)
Start importing Assets/Textrures using Guid(cba9ef31ff799ce41a9867cdfbe9004d) Importer(815301076,1909f56bfc062723c751e8b465ee728b)  -> (artifact id: '56e337b542b2e653bb30907337ef802d') in 0.010491 seconds 
  Import took 0.013052 seconds .

========================================================================
Received Import Request.
  Time since last request: 8.643058 seconds.
  path: Assets/Textures
  artifactKey: Guid(cba9ef31ff799ce41a9867cdfbe9004d) Importer(815301076,1909f56bfc062723c751e8b465ee728b)
Start importing Assets/Textures using Guid(cba9ef31ff799ce41a9867cdfbe9004d) Importer(815301076,1909f56bfc062723c751e8b465ee728b)  -> (artifact id: '8c2ea1cd697f0168942e127ab38c5735') in 0.009884 seconds 
  Import took 0.012271 seconds .

========================================================================
Received Import Request.
  Time since last request: 14.515334 seconds.
  path: Assets/Textures/Shader Force
  artifactKey: Guid(728303bd3dddd3a4dbc43ed65c56fc63) Importer(815301076,1909f56bfc062723c751e8b465ee728b)
Start importing Assets/Textures/Shader Force using Guid(728303bd3dddd3a4dbc43ed65c56fc63) Importer(815301076,1909f56bfc062723c751e8b465ee728b)  -> (artifact id: '1797edc7db3860d8cb3c207142830bd5') in 0.009085 seconds 
  Import took 0.011580 seconds .

========================================================================
Received Import Request.
  Time since last request: 23.342269 seconds.
  path: Assets/T
  artifactKey: Guid(8fd2ba993b57db94ca3b66193bfc97ac) Importer(815301076,1909f56bfc062723c751e8b465ee728b)
Start importing Assets/T using Guid(8fd2ba993b57db94ca3b66193bfc97ac) Importer(815301076,1909f56bfc062723c751e8b465ee728b)  -> (artifact id: 'f6d69da33885d40c3bc8deb35ff02a31') in 0.011993 seconds 
  Import took 0.014375 seconds .

========================================================================
Received Import Request.
  Time since last request: 10.449726 seconds.
  path: Assets/ShaderFprge
  artifactKey: Guid(8fd2ba993b57db94ca3b66193bfc97ac) Importer(815301076,1909f56bfc062723c751e8b465ee728b)
Start importing Assets/ShaderFprge using Guid(8fd2ba993b57db94ca3b66193bfc97ac) Importer(815301076,1909f56bfc062723c751e8b465ee728b)  -> (artifact id: '2095a412c53103066e00a66ebf4ffb38') in 0.009450 seconds 
  Import took 0.011620 seconds .

========================================================================
Received Import Request.
  Time since last request: 6.293714 seconds.
  path: Assets/ShaderForge
  artifactKey: Guid(8fd2ba993b57db94ca3b66193bfc97ac) Importer(815301076,1909f56bfc062723c751e8b465ee728b)
Start importing Assets/ShaderForge using Guid(8fd2ba993b57db94ca3b66193bfc97ac) Importer(815301076,1909f56bfc062723c751e8b465ee728b)  -> (artifact id: '6312893947096590cbe8fbed248ef1d9') in 0.008127 seconds 
  Import took 0.016037 seconds .

========================================================================
Received Import Request.
  Time since last request: 41.227745 seconds.
  path: Assets/Meshes/Ground Plane.obj
  artifactKey: Guid(e137da4993a8ba14ea31231b7e110f62) Importer(815301076,1909f56bfc062723c751e8b465ee728b)
Start importing Assets/Meshes/Ground Plane.obj using Guid(e137da4993a8ba14ea31231b7e110f62) Importer(815301076,1909f56bfc062723c751e8b465ee728b)  -> (artifact id: '367e4940bbae98200c5337c2648be038') in 0.279548 seconds 
  Import took 0.281891 seconds .

========================================================================
Received Import Request.
  Time since last request: 3.007809 seconds.
  path: Assets/Meshes/Target.obj
  artifactKey: Guid(c15f2b6b4c0e3ad489507635780d751e) Importer(815301076,1909f56bfc062723c751e8b465ee728b)
Start importing Assets/Meshes/Target.obj using Guid(c15f2b6b4c0e3ad489507635780d751e) Importer(815301076,1909f56bfc062723c751e8b465ee728b)  -> (artifact id: 'f52ab79e3c19aed88e3199f5015773cf') in 0.037414 seconds 
  Import took 0.039996 seconds .

========================================================================
Received Import Request.
  Time since last request: 63.050793 seconds.
  path: Assets/Textures/Clouds.png
  artifactKey: Guid(742adfd822012804da3dc3b2debaf08b) Importer(815301076,1909f56bfc062723c751e8b465ee728b)
Start importing Assets/Textures/Clouds.png using Guid(742adfd822012804da3dc3b2debaf08b) Importer(815301076,1909f56bfc062723c751e8b465ee728b)  -> (artifact id: '0c230db7aa2e9b428515fe54f1e11cac') in 0.046256 seconds 
  Import took 0.048682 seconds .

========================================================================
Received Import Request.
  Time since last request: 0.000189 seconds.
  path: Assets/Textures/Diffuse.png
  artifactKey: Guid(1163cc1a6f1960642bc036f92816633c) Importer(815301076,1909f56bfc062723c751e8b465ee728b)
Start importing Assets/Textures/Diffuse.png using Guid(1163cc1a6f1960642bc036f92816633c) Importer(815301076,1909f56bfc062723c751e8b465ee728b)  -> (artifact id: '387d031255871aa9cc05f894e7747811') in 0.037708 seconds 
  Import took 0.039905 seconds .

========================================================================
Received Import Request.
  Time since last request: 27.400515 seconds.
  path: Assets/Textures/Scene.unity
  artifactKey: Guid(e495497cc23d79a4791c1707904e0ac0) Importer(815301076,1909f56bfc062723c751e8b465ee728b)
Start importing Assets/Textures/Scene.unity using Guid(e495497cc23d79a4791c1707904e0ac0) Importer(815301076,1909f56bfc062723c751e8b465ee728b)  -> (artifact id: 'b89972a5c443f2b0fe45ae275d2e5afc') in 0.009071 seconds 
  Import took 0.012012 seconds .

========================================================================
Received Import Request.
  Time since last request: 49.354872 seconds.
  path: Assets/Textures/Materials
  artifactKey: Guid(9c098394758efee4089eaea56d967532) Importer(815301076,1909f56bfc062723c751e8b465ee728b)
Start importing Assets/Textures/Materials using Guid(9c098394758efee4089eaea56d967532) Importer(815301076,1909f56bfc062723c751e8b465ee728b)  -> (artifact id: '2133e028023eb2d8dc222b716f528643') in 0.010662 seconds 
  Import took 0.013886 seconds .

========================================================================
Received Import Request.
  Time since last request: 37.035486 seconds.
  path: Assets/Matierls
  artifactKey: Guid(32db82c46e490b14385b4e216b92ebbb) Importer(815301076,1909f56bfc062723c751e8b465ee728b)
Start importing Assets/Matierls using Guid(32db82c46e490b14385b4e216b92ebbb) Importer(815301076,1909f56bfc062723c751e8b465ee728b)  -> (artifact id: 'f1f111b57116d939fb267d83b05943a8') in 0.012052 seconds 
  Import took 0.020586 seconds .

========================================================================
Received Import Request.
  Time since last request: 27.814331 seconds.
  path: Assets/Materials
  artifactKey: Guid(32db82c46e490b14385b4e216b92ebbb) Importer(815301076,1909f56bfc062723c751e8b465ee728b)
Start importing Assets/Materials using Guid(32db82c46e490b14385b4e216b92ebbb) Importer(815301076,1909f56bfc062723c751e8b465ee728b)  -> (artifact id: 'd06120682eec75026f7b2b5de5fe6f67') in 0.004280 seconds 
  Import took 0.007176 seconds .

========================================================================
Received Import Request.
  Time since last request: 33.190177 seconds.
  path: Assets/Materials/MeshDiffuse.mat
  artifactKey: Guid(859f6bbdee9ee9142bdea34435d0dbe3) Importer(815301076,1909f56bfc062723c751e8b465ee728b)
Start importing Assets/Materials/MeshDiffuse.mat using Guid(859f6bbdee9ee9142bdea34435d0dbe3) Importer(815301076,1909f56bfc062723c751e8b465ee728b)  -> (artifact id: '5437fad2605976082e2baf0d4201709a') in 0.023910 seconds 
  Import took 0.026327 seconds .

========================================================================
Received Import Request.
  Time since last request: 303.578983 seconds.
  path: Assets/Materials/Shybox.mat
  artifactKey: Guid(736e28091aa6766428e0eef36de0e948) Importer(815301076,1909f56bfc062723c751e8b465ee728b)
Start importing Assets/Materials/Shybox.mat using Guid(736e28091aa6766428e0eef36de0e948) Importer(815301076,1909f56bfc062723c751e8b465ee728b)  -> (artifact id: 'baaf3873bace43c283abcb1d8b9a7a71') in 0.019729 seconds 
  Import took 0.022708 seconds .

========================================================================
Received Import Request.
  Time since last request: 10.142826 seconds.
  path: Assets/Materials/Skybox.mat
  artifactKey: Guid(736e28091aa6766428e0eef36de0e948) Importer(815301076,1909f56bfc062723c751e8b465ee728b)
Start importing Assets/Materials/Skybox.mat using Guid(736e28091aa6766428e0eef36de0e948) Importer(815301076,1909f56bfc062723c751e8b465ee728b)  -> (artifact id: '9305b98c370f9f608973c0be377d6838') in 0.021269 seconds 
  Import took 0.024765 seconds .

========================================================================
Received Import Request.
  Time since last request: 834.671969 seconds.
  path: Assets/Materials/Clouds.shader
  artifactKey: Guid(2e8498b49e2c0944d91c0e334cbf2c44) Importer(815301076,1909f56bfc062723c751e8b465ee728b)
Start importing Assets/Materials/Clouds.shader using Guid(2e8498b49e2c0944d91c0e334cbf2c44) Importer(815301076,1909f56bfc062723c751e8b465ee728b)  -> (artifact id: 'e08d0addc9ab14a640fba90695d668ce') in 0.009168 seconds 
  Import took 0.012703 seconds .

========================================================================
Received Import Request.
  Time since last request: 110.597895 seconds.
  path: Assets/Materials/Clouds 1.mat
  artifactKey: Guid(e12ac07dce7b4984ca52fbc9cd85d5a8) Importer(815301076,1909f56bfc062723c751e8b465ee728b)
Start importing Assets/Materials/Clouds 1.mat using Guid(e12ac07dce7b4984ca52fbc9cd85d5a8) Importer(815301076,1909f56bfc062723c751e8b465ee728b)  -> (artifact id: '349f12538ad3a400964e609d84e242dc') in 0.028989 seconds 
  Import took 0.031897 seconds .

========================================================================
Received Import Request.
  Time since last request: 605.126456 seconds.
  path: Assets/Materials/MeshDiffuse.mat
  artifactKey: Guid(859f6bbdee9ee9142bdea34435d0dbe3) Importer(815301076,1909f56bfc062723c751e8b465ee728b)
Start importing Assets/Materials/MeshDiffuse.mat using Guid(859f6bbdee9ee9142bdea34435d0dbe3) Importer(815301076,1909f56bfc062723c751e8b465ee728b)  -> (artifact id: 'd7d651c21f3a594536dcd4a2c497f92c') in 0.041270 seconds 
  Import took 0.044809 seconds .

========================================================================
Received Import Request.
  Time since last request: 0.000252 seconds.
  path: Assets/Materials/Skybox.mat
  artifactKey: Guid(736e28091aa6766428e0eef36de0e948) Importer(815301076,1909f56bfc062723c751e8b465ee728b)
Start importing Assets/Materials/Skybox.mat using Guid(736e28091aa6766428e0eef36de0e948) Importer(815301076,1909f56bfc062723c751e8b465ee728b)  -> (artifact id: 'c8ae3aaef81543e864a59517c8f4bd3f') in 0.015826 seconds 
  Import took 0.018181 seconds .

========================================================================
Received Import Request.
  Time since last request: 583.270646 seconds.
  path: Assets/Materials/Clouds 2.mat
  artifactKey: Guid(14317c14850f69f4293aa2084dd708f3) Importer(815301076,1909f56bfc062723c751e8b465ee728b)
Start importing Assets/Materials/Clouds 2.mat using Guid(14317c14850f69f4293aa2084dd708f3) Importer(815301076,1909f56bfc062723c751e8b465ee728b)  -> (artifact id: 'f6987f9fdd182dbac446f7dac6ae281c') in 0.020007 seconds 
  Import took 0.022993 seconds .

========================================================================
Received Import Request.
  Time since last request: 591.266679 seconds.
  path: Assets/Materials/Scripts
  artifactKey: Guid(93650429f771a264ebeaa57f992e7b0d) Importer(815301076,1909f56bfc062723c751e8b465ee728b)
Start importing Assets/Materials/Scripts using Guid(93650429f771a264ebeaa57f992e7b0d) Importer(815301076,1909f56bfc062723c751e8b465ee728b)  -> (artifact id: '065e9db79fe8e31e268a9722582572e6') in 0.010538 seconds 
  Import took 0.013979 seconds .

========================================================================
Received Import Request.
  Time since last request: 25.973364 seconds.
  path: Assets/Materials/Scripts/PlayerView.cs
  artifactKey: Guid(3774ea6e71df34246b4f74ad8dd7a355) Importer(815301076,1909f56bfc062723c751e8b465ee728b)
Start importing Assets/Materials/Scripts/PlayerView.cs using Guid(3774ea6e71df34246b4f74ad8dd7a355) Importer(815301076,1909f56bfc062723c751e8b465ee728b)  -> (artifact id: '45b0fcfbc546d6bc18263a3a25319d3c') in 0.018506 seconds 
  Import took 0.020961 seconds .

========================================================================
Received Prepare
Registering precompiled user dll's ...
Registered in 0.003425 seconds.
Begin MonoManager ReloadAssembly
Native extension for WindowsStandalone target not found
Native extension for WebGL target not found
Refreshing native plugins compatible for Editor in 0.28 ms, found 2 plugins.
Preloading 0 native plugins for Editor in 0.00 ms.
Mono: successfully reloaded assembly
- Completed reload, in  0.920 seconds
Domain Reload Profiling:
	ReloadAssembly (924ms)
		BeginReloadAssembly (195ms)
			ExecutionOrderSort (0ms)
			DisableScriptedObjects (11ms)
			BackupInstance (0ms)
			ReleaseScriptingObjects (0ms)
			CreateAndSetChildDomain (78ms)
		EndReloadAssembly (657ms)
			LoadAssemblies (102ms)
			RebuildTransferFunctionScriptingTraits (0ms)
			SetupTypeCache (227ms)
			ReleaseScriptCaches (1ms)
			RebuildScriptCaches (31ms)
			SetupLoadedEditorAssemblies (224ms)
				LogAssemblyErrors (0ms)
				InitializePlatformSupportModulesInManaged (6ms)
				SetLoadedEditorAssemblies (0ms)
				RefreshPlugins (0ms)
				BeforeProcessingInitializeOnLoad (45ms)
				ProcessInitializeOnLoadAttributes (163ms)
				ProcessInitializeOnLoadMethodAttributes (3ms)
				AfterProcessingInitializeOnLoad (7ms)
				EditorAssembliesLoaded (0ms)
			ExecutionOrderSort2 (0ms)
			AwakeInstancesAfterBackupRestoration (5ms)
Platform modules already initialized, skipping
Switching build target platform(19) subTarget(0) extendedPlatform(0) -> platform(13) subTarget(589824) extendedPlatform(0)
Refreshing native plugins compatible for Editor in 0.44 ms, found 2 plugins.
Preloading 0 native plugins for Editor in 0.00 ms.
Unloading 1399 Unused Serialized files (Serialized files now loaded: 0)
System memory in use before: 68.9 MB.
System memory in use after: 68.8 MB.

Unloading 13 unused Assets to reduce memory usage. Loaded Objects now: 1881.
Total: 2.501200 ms (FindLiveObjects: 0.142800 ms CreateObjectMapping: 0.043700 ms MarkObjects: 2.165300 ms  DeleteObjects: 0.148500 ms)

AssetImportParameters requested are different than current active one (requested -> active):
  custom:framework-win-MediaFoundation: 216162199b28c13a410421893ffa2e32 -> 
  custom:video-decoder-ogg-theora: a1e56fd34408186e4bbccfd4996cb3dc -> 
  custom:container-muxer-webm: aa71ff27fc2769a1b78a27578f13a17b -> 
  custom:container-demuxer-webm: 4f35f7cbe854078d1ac9338744f61a02 -> 
  custom:container-demuxer-ogg: 62fdf1f143b41e24485cea50d1cbac27 -> 
  custom:video-encoder-webm-vp8: eb34c28f22e8b96e1ab97ce403110664 -> 
  custom:video-codec-MediaFoundation-h265: 746d11721c4dcdbdad8f713fa42b33f4 -> 
  custom:video-decoder-webm-vp8: 9c59270c3fd7afecdb556c50c9e8de78 -> 
  custom:graphics/normal-map-encoding: 01000000000000000000000000000000 -> 02000000000000000000000000000000
  custom:audio-decoder-ogg-vorbis: bf7c407c2cedff20999df2af8eb42d56 -> 
  custom:audio-encoder-webm-vorbis: bf7c407c2cedff20999df2af8eb42d56 -> 
========================================================================
Received Prepare
Registering precompiled user dll's ...
Registered in 0.004476 seconds.
Begin MonoManager ReloadAssembly
Native extension for WindowsStandalone target not found
Native extension for WebGL target not found
Refreshing native plugins compatible for Editor in 0.27 ms, found 2 plugins.
Preloading 0 native plugins for Editor in 0.00 ms.
Mono: successfully reloaded assembly
- Completed reload, in  0.829 seconds
Domain Reload Profiling:
	ReloadAssembly (829ms)
		BeginReloadAssembly (103ms)
			ExecutionOrderSort (0ms)
			DisableScriptedObjects (4ms)
			BackupInstance (0ms)
			ReleaseScriptingObjects (0ms)
			CreateAndSetChildDomain (30ms)
		EndReloadAssembly (670ms)
			LoadAssemblies (86ms)
			RebuildTransferFunctionScriptingTraits (0ms)
			SetupTypeCache (244ms)
			ReleaseScriptCaches (1ms)
			RebuildScriptCaches (30ms)
			SetupLoadedEditorAssemblies (222ms)
				LogAssemblyErrors (0ms)
				InitializePlatformSupportModulesInManaged (5ms)
				SetLoadedEditorAssemblies (0ms)
				RefreshPlugins (0ms)
				BeforeProcessingInitializeOnLoad (43ms)
				ProcessInitializeOnLoadAttributes (162ms)
				ProcessInitializeOnLoadMethodAttributes (3ms)
				AfterProcessingInitializeOnLoad (8ms)
				EditorAssembliesLoaded (0ms)
			ExecutionOrderSort2 (0ms)
			AwakeInstancesAfterBackupRestoration (5ms)
Platform modules already initialized, skipping
Switching build target platform(19) subTarget(0) extendedPlatform(0) -> platform(13) subTarget(589824) extendedPlatform(0)
Refreshing native plugins compatible for Editor in 0.25 ms, found 2 plugins.
Preloading 0 native plugins for Editor in 0.00 ms.
Unloading 1398 Unused Serialized files (Serialized files now loaded: 0)
System memory in use before: 68.8 MB.
System memory in use after: 68.8 MB.

Unloading 13 unused Assets to reduce memory usage. Loaded Objects now: 1883.
Total: 2.692400 ms (FindLiveObjects: 0.130300 ms CreateObjectMapping: 0.042900 ms MarkObjects: 2.313300 ms  DeleteObjects: 0.205000 ms)

AssetImportParameters requested are different than current active one (requested -> active):
  custom:framework-win-MediaFoundation: 216162199b28c13a410421893ffa2e32 -> 
  custom:video-decoder-ogg-theora: a1e56fd34408186e4bbccfd4996cb3dc -> 
  custom:container-muxer-webm: aa71ff27fc2769a1b78a27578f13a17b -> 
  custom:container-demuxer-webm: 4f35f7cbe854078d1ac9338744f61a02 -> 
  custom:container-demuxer-ogg: 62fdf1f143b41e24485cea50d1cbac27 -> 
  custom:video-encoder-webm-vp8: eb34c28f22e8b96e1ab97ce403110664 -> 
  custom:video-codec-MediaFoundation-h265: 746d11721c4dcdbdad8f713fa42b33f4 -> 
  custom:video-decoder-webm-vp8: 9c59270c3fd7afecdb556c50c9e8de78 -> 
  custom:graphics/normal-map-encoding: 01000000000000000000000000000000 -> 02000000000000000000000000000000
  custom:audio-decoder-ogg-vorbis: bf7c407c2cedff20999df2af8eb42d56 -> 
  custom:audio-encoder-webm-vorbis: bf7c407c2cedff20999df2af8eb42d56 -> 
========================================================================
Received Import Request.
  Time since last request: 58.074628 seconds.
  path: Assets/Materials/Scripts/PlayerView.cs
  artifactKey: Guid(3774ea6e71df34246b4f74ad8dd7a355) Importer(815301076,1909f56bfc062723c751e8b465ee728b)
Start importing Assets/Materials/Scripts/PlayerView.cs using Guid(3774ea6e71df34246b4f74ad8dd7a355) Importer(815301076,1909f56bfc062723c751e8b465ee728b)  -> (artifact id: '2aca0edf54393352ba5ae44aaf7737b0') in 0.004547 seconds 
  Import took 0.006440 seconds .

========================================================================
Received Prepare
Registering precompiled user dll's ...
Registered in 0.004425 seconds.
Begin MonoManager ReloadAssembly
Native extension for WindowsStandalone target not found
Native extension for WebGL target not found
Refreshing native plugins compatible for Editor in 0.52 ms, found 2 plugins.
Preloading 0 native plugins for Editor in 0.00 ms.
Mono: successfully reloaded assembly
- Completed reload, in  0.803 seconds
Domain Reload Profiling:
	ReloadAssembly (804ms)
		BeginReloadAssembly (100ms)
			ExecutionOrderSort (0ms)
			DisableScriptedObjects (4ms)
			BackupInstance (0ms)
			ReleaseScriptingObjects (0ms)
			CreateAndSetChildDomain (29ms)
		EndReloadAssembly (648ms)
			LoadAssemblies (82ms)
			RebuildTransferFunctionScriptingTraits (0ms)
			SetupTypeCache (220ms)
			ReleaseScriptCaches (1ms)
			RebuildScriptCaches (32ms)
			SetupLoadedEditorAssemblies (222ms)
				LogAssemblyErrors (0ms)
				InitializePlatformSupportModulesInManaged (5ms)
				SetLoadedEditorAssemblies (1ms)
				RefreshPlugins (1ms)
				BeforeProcessingInitializeOnLoad (43ms)
				ProcessInitializeOnLoadAttributes (162ms)
				ProcessInitializeOnLoadMethodAttributes (3ms)
				AfterProcessingInitializeOnLoad (7ms)
				EditorAssembliesLoaded (0ms)
			ExecutionOrderSort2 (0ms)
			AwakeInstancesAfterBackupRestoration (5ms)
Platform modules already initialized, skipping
Switching build target platform(19) subTarget(0) extendedPlatform(0) -> platform(13) subTarget(589824) extendedPlatform(0)
Refreshing native plugins compatible for Editor in 0.26 ms, found 2 plugins.
Preloading 0 native plugins for Editor in 0.00 ms.
Unloading 1398 Unused Serialized files (Serialized files now loaded: 0)
System memory in use before: 68.8 MB.
System memory in use after: 68.8 MB.

Unloading 13 unused Assets to reduce memory usage. Loaded Objects now: 1885.
Total: 2.795900 ms (FindLiveObjects: 0.124400 ms CreateObjectMapping: 0.038900 ms MarkObjects: 2.416900 ms  DeleteObjects: 0.214800 ms)

AssetImportParameters requested are different than current active one (requested -> active):
  custom:framework-win-MediaFoundation: 216162199b28c13a410421893ffa2e32 -> 
  custom:video-decoder-ogg-theora: a1e56fd34408186e4bbccfd4996cb3dc -> 
  custom:container-muxer-webm: aa71ff27fc2769a1b78a27578f13a17b -> 
  custom:container-demuxer-webm: 4f35f7cbe854078d1ac9338744f61a02 -> 
  custom:container-demuxer-ogg: 62fdf1f143b41e24485cea50d1cbac27 -> 
  custom:video-encoder-webm-vp8: eb34c28f22e8b96e1ab97ce403110664 -> 
  custom:video-codec-MediaFoundation-h265: 746d11721c4dcdbdad8f713fa42b33f4 -> 
  custom:video-decoder-webm-vp8: 9c59270c3fd7afecdb556c50c9e8de78 -> 
  custom:graphics/normal-map-encoding: 01000000000000000000000000000000 -> 02000000000000000000000000000000
  custom:audio-decoder-ogg-vorbis: bf7c407c2cedff20999df2af8eb42d56 -> 
  custom:audio-encoder-webm-vorbis: bf7c407c2cedff20999df2af8eb42d56 -> 
========================================================================
Received Prepare
Registering precompiled user dll's ...
Registered in 0.003820 seconds.
Begin MonoManager ReloadAssembly
Native extension for WindowsStandalone target not found
Native extension for WebGL target not found
Refreshing native plugins compatible for Editor in 0.27 ms, found 2 plugins.
Preloading 0 native plugins for Editor in 0.00 ms.
Mono: successfully reloaded assembly
- Completed reload, in  0.863 seconds
Domain Reload Profiling:
	ReloadAssembly (864ms)
		BeginReloadAssembly (99ms)
			ExecutionOrderSort (0ms)
			DisableScriptedObjects (4ms)
			BackupInstance (0ms)
			ReleaseScriptingObjects (0ms)
			CreateAndSetChildDomain (26ms)
		EndReloadAssembly (708ms)
			LoadAssemblies (82ms)
			RebuildTransferFunctionScriptingTraits (0ms)
			SetupTypeCache (236ms)
			ReleaseScriptCaches (1ms)
			RebuildScriptCaches (32ms)
			SetupLoadedEditorAssemblies (238ms)
				LogAssemblyErrors (0ms)
				InitializePlatformSupportModulesInManaged (5ms)
				SetLoadedEditorAssemblies (0ms)
				RefreshPlugins (0ms)
				BeforeProcessingInitializeOnLoad (47ms)
				ProcessInitializeOnLoadAttributes (173ms)
				ProcessInitializeOnLoadMethodAttributes (3ms)
				AfterProcessingInitializeOnLoad (8ms)
				EditorAssembliesLoaded (0ms)
			ExecutionOrderSort2 (0ms)
			AwakeInstancesAfterBackupRestoration (6ms)
Platform modules already initialized, skipping
Switching build target platform(19) subTarget(0) extendedPlatform(0) -> platform(13) subTarget(589824) extendedPlatform(0)
Refreshing native plugins compatible for Editor in 0.26 ms, found 2 plugins.
Preloading 0 native plugins for Editor in 0.00 ms.
Unloading 1398 Unused Serialized files (Serialized files now loaded: 0)
System memory in use before: 68.8 MB.
System memory in use after: 68.8 MB.

Unloading 13 unused Assets to reduce memory usage. Loaded Objects now: 1887.
Total: 2.950500 ms (FindLiveObjects: 0.154100 ms CreateObjectMapping: 0.045900 ms MarkObjects: 2.494800 ms  DeleteObjects: 0.254200 ms)

AssetImportParameters requested are different than current active one (requested -> active):
  custom:framework-win-MediaFoundation: 216162199b28c13a410421893ffa2e32 -> 
  custom:video-decoder-ogg-theora: a1e56fd34408186e4bbccfd4996cb3dc -> 
  custom:container-muxer-webm: aa71ff27fc2769a1b78a27578f13a17b -> 
  custom:container-demuxer-webm: 4f35f7cbe854078d1ac9338744f61a02 -> 
  custom:container-demuxer-ogg: 62fdf1f143b41e24485cea50d1cbac27 -> 
  custom:video-encoder-webm-vp8: eb34c28f22e8b96e1ab97ce403110664 -> 
  custom:video-codec-MediaFoundation-h265: 746d11721c4dcdbdad8f713fa42b33f4 -> 
  custom:video-decoder-webm-vp8: 9c59270c3fd7afecdb556c50c9e8de78 -> 
  custom:graphics/normal-map-encoding: 01000000000000000000000000000000 -> 02000000000000000000000000000000
  custom:audio-decoder-ogg-vorbis: bf7c407c2cedff20999df2af8eb42d56 -> 
  custom:audio-encoder-webm-vorbis: bf7c407c2cedff20999df2af8eb42d56 -> 
AssetImportWorkerClient::OnTransportError - code=2 error=End of file
